D:\UPGRADE\node_modules\@prisma\client\src\runtime\getPrismaClient.ts:259
        throw new PrismaClientInitializationError(
              ^

PrismaClientInitializationError: `PrismaClient` needs to be constructed with a non-empty, valid `PrismaClientOptions`:

```
new PrismaClient({
  ...
})
```

or

```
constructor() {
  super({ ... });
}
```
          
    at new t (D:\UPGRADE\node_modules\@prisma\client\src\runtime\getPrismaClient.ts:259:15)
    at <anonymous> (D:\UPGRADE\tmp\run_import.ts:4:16)
    at Object.<anonymous> (D:\UPGRADE\tmp\run_import.ts:37:4)
    at Module._compile (node:internal/modules/cjs/loader:1761:14)
    at Object.transformer (C:\Users\PC\AppData\Local\npm-cache\_npx\fd45a72a545557e9\node_modules\tsx\dist\register-D46fvsV_.cjs:3:1104)
    at Module.load (node:internal/modules/cjs/loader:1481:32)
    at Module._load (node:internal/modules/cjs/loader:1300:12)
    at TracingChannel.traceSync (node:diagnostics_channel:328:14)
    at wrapModuleLoad (node:internal/modules/cjs/loader:245:24)
    at loadCJSModuleWithModuleLoad (node:internal/modules/esm/translators:339:3) {
  clientVersion: '7.4.0',
  errorCode: undefined,
  retryable: undefined
}

Node.js v24.13.0
